<?xml version="1.0" encoding="UTF-8"?>
<!-- Generated by org.testng.reporters.JUnitXMLReporter -->
<testsuite ignored="13" hostname="DESKTOP-L4533E7" failures="1" tests="1" name="Default test(failed)(failed)(failed)" time="28.029" errors="0" timestamp="2022-02-23T23:32:48 PST">
  <testcase classname="test3" name="invalidEmailTest" time="18.71">
    <failure type="org.openqa.selenium.NoSuchElementException" message="no such element: Unable to locate element: {&amp;quot;method&amp;quot;:&amp;quot;xpath&amp;quot;,&amp;quot;selector&amp;quot;:&amp;quot;//p[normalize-space()=&amp;apos;The email must be a valid email address.&amp;apos;]&amp;quot;}
  (Session info: chrome=98.0.4758.102)
For documentation on this error, please visit: https://selenium.dev/exceptions/#no_such_element
Build info: version: &amp;apos;4.1.2&amp;apos;, revision: &amp;apos;9a5a329c5a&amp;apos;
System info: host: &amp;apos;DESKTOP-L4533E7&amp;apos;, ip: &amp;apos;192.168.29.74&amp;apos;, os.name: &amp;apos;Windows 10&amp;apos;, os.arch: &amp;apos;amd64&amp;apos;, os.version: &amp;apos;10.0&amp;apos;, java.version: &amp;apos;17.0.2&amp;apos;
Driver info: org.openqa.selenium.chrome.ChromeDriver
Command: [b8e1542d7297e7a0727a7d9a08c530a1, findElement {using=xpath, value=//p[normalize-space()=&amp;apos;The email must be a valid email address.&amp;apos;]}]
Capabilities {acceptInsecureCerts: false, browserName: chrome, browserVersion: 98.0.4758.102, chrome: {chromedriverVersion: 98.0.4758.48 (d869ab3eda606..., userDataDir: C:\Users\PCSMCPL\AppData\Lo...}, goog:chromeOptions: {debuggerAddress: localhost:52455}, javascriptEnabled: true, networkConnectionEnabled: false, pageLoadStrategy: normal, platform: WINDOWS, platformName: WINDOWS, proxy: Proxy(), se:cdp: ws://localhost:52455/devtoo..., se:cdpVersion: 98.0.4758.102, setWindowRect: true, strictFileInteractability: false, timeouts: {implicit: 0, pageLoad: 300000, script: 30000}, unhandledPromptBehavior: dismiss and notify, webauthn:extension:credBlob: true, webauthn:extension:largeBlob: true, webauthn:virtualAuthenticators: true}
Session ID: b8e1542d7297e7a0727a7d9a08c530a1">
      <![CDATA[org.openqa.selenium.NoSuchElementException: no such element: Unable to locate element: {"method":"xpath","selector":"//p[normalize-space()='The email must be a valid email address.']"}
  (Session info: chrome=98.0.4758.102)
For documentation on this error, please visit: https://selenium.dev/exceptions/#no_such_element
Build info: version: '4.1.2', revision: '9a5a329c5a'
System info: host: 'DESKTOP-L4533E7', ip: '192.168.29.74', os.name: 'Windows 10', os.arch: 'amd64', os.version: '10.0', java.version: '17.0.2'
Driver info: org.openqa.selenium.chrome.ChromeDriver
Command: [b8e1542d7297e7a0727a7d9a08c530a1, findElement {using=xpath, value=//p[normalize-space()='The email must be a valid email address.']}]
Capabilities {acceptInsecureCerts: false, browserName: chrome, browserVersion: 98.0.4758.102, chrome: {chromedriverVersion: 98.0.4758.48 (d869ab3eda606..., userDataDir: C:\Users\PCSMCPL\AppData\Lo...}, goog:chromeOptions: {debuggerAddress: localhost:52455}, javascriptEnabled: true, networkConnectionEnabled: false, pageLoadStrategy: normal, platform: WINDOWS, platformName: WINDOWS, proxy: Proxy(), se:cdp: ws://localhost:52455/devtoo..., se:cdpVersion: 98.0.4758.102, setWindowRect: true, strictFileInteractability: false, timeouts: {implicit: 0, pageLoad: 300000, script: 30000}, unhandledPromptBehavior: dismiss and notify, webauthn:extension:credBlob: true, webauthn:extension:largeBlob: true, webauthn:virtualAuthenticators: true}
Session ID: b8e1542d7297e7a0727a7d9a08c530a1
at org.openqa.selenium.remote.codec.w3c.W3CHttpResponseCodec.createException(W3CHttpResponseCodec.java:200)
at org.openqa.selenium.remote.codec.w3c.W3CHttpResponseCodec.decode(W3CHttpResponseCodec.java:133)
at org.openqa.selenium.remote.codec.w3c.W3CHttpResponseCodec.decode(W3CHttpResponseCodec.java:53)
at org.openqa.selenium.remote.HttpCommandExecutor.execute(HttpCommandExecutor.java:184)
at org.openqa.selenium.remote.service.DriverCommandExecutor.invokeExecute(DriverCommandExecutor.java:167)
at org.openqa.selenium.remote.service.DriverCommandExecutor.execute(DriverCommandExecutor.java:142)
at org.openqa.selenium.remote.RemoteWebDriver.execute(RemoteWebDriver.java:558)
at org.openqa.selenium.remote.ElementLocation$ElementFinder$2.findElement(ElementLocation.java:162)
at org.openqa.selenium.remote.ElementLocation.findElement(ElementLocation.java:60)
at org.openqa.selenium.remote.RemoteWebDriver.findElement(RemoteWebDriver.java:382)
at org.openqa.selenium.remote.RemoteWebDriver.findElement(RemoteWebDriver.java:374)
at test3.invalidEmailTest(test3.java:330)
at java.base/java.util.ArrayList.forEach(ArrayList.java:1511)
... Removed 32 stack frames]]>
    </failure>
  </testcase> <!-- invalidEmailTest -->
  <testcase classname="test3" name="emptyEmailTest" time="0.0">
    <ignored/>
  </testcase> <!-- emptyEmailTest -->
  <testcase classname="test3" name="inValidPasswordTest" time="0.0">
    <ignored/>
  </testcase> <!-- inValidPasswordTest -->
  <testcase classname="test3" name="emptyCompanyNameTest" time="0.0">
    <ignored/>
  </testcase> <!-- emptyCompanyNameTest -->
  <testcase classname="test3" name="privacyPolicyRedirectionTest" time="0.0">
    <ignored/>
  </testcase> <!-- privacyPolicyRedirectionTest -->
  <testcase classname="test3" name="verifyElemntsOnPageTest" time="0.0">
    <ignored/>
  </testcase> <!-- verifyElemntsOnPageTest -->
  <testcase classname="test3" name="loginRedirectionTest" time="0.0">
    <ignored/>
  </testcase> <!-- loginRedirectionTest -->
  <testcase classname="test3" name="emptyNameTest" time="0.0">
    <ignored/>
  </testcase> <!-- emptyNameTest -->
  <testcase classname="test3" name="emptyPasswordTest" time="0.0">
    <ignored/>
  </testcase> <!-- emptyPasswordTest -->
  <testcase classname="test3" name="emptyPhoneTest" time="0.0">
    <ignored/>
  </testcase> <!-- emptyPhoneTest -->
  <testcase classname="test3" name="termsRedirectionTest" time="0.0">
    <ignored/>
  </testcase> <!-- termsRedirectionTest -->
  <testcase classname="test3" name="uncheckedTerms" time="0.0">
    <ignored/>
  </testcase> <!-- uncheckedTerms -->
  <testcase classname="test3" name="validRegistrationTest" time="0.0">
    <ignored/>
  </testcase> <!-- validRegistrationTest -->
  <testcase classname="test3" name="inValidPhoneTest" time="0.0">
    <ignored/>
  </testcase> <!-- inValidPhoneTest -->
</testsuite> <!-- Default test(failed)(failed)(failed) -->
