<?xml version="1.0" encoding="UTF-8"?>
<!-- Generated by org.testng.reporters.JUnitReportReporter -->
<testsuite hostname="DESKTOP-L4533E7" failures="0" tests="11" name="EMB.vendorNeg2" time="73.828" errors="1" timestamp="2022-03-30T15:06:31 IST" skipped="10">
  <testcase classname="EMB.vendorNeg2" name="login" time="73.828">
    <error message="element click intercepted: Element &lt;ng-select _ngcontent-jed-c1=&quot;&quot; bindlabel=&quot;acct_desc&quot; bindvalue=&quot;b_acct_id&quot; class=&quot;ng-select ng-select-single ng-select-searchable ng-select-clearable ng-untouched ng-pristine ng-valid&quot; name=&quot;b_acct_id&quot; role=&quot;listbox&quot;&gt;...&lt;/ng-select&gt; is not clickable at point (866, 125). Other element would receive the click: &lt;div _ngcontent-jed-c3=&quot;&quot; class=&quot;overlay ng-tns-c3-0 ng-trigger ng-trigger-fadeIn ng-star-inserted ng-animating&quot; style=&quot;background-color: rgba(51, 51, 51, 0.8); z-index: 99999; position: fixed;&quot;&gt;...&lt;/div&gt;
  (Session info: chrome=99.0.4844.82)
Build info: version: &#039;4.1.2&#039;, revision: &#039;9a5a329c5a&#039;
System info: host: &#039;DESKTOP-L4533E7&#039;, ip: &#039;192.168.0.17&#039;, os.name: &#039;Windows 10&#039;, os.arch: &#039;amd64&#039;, os.version: &#039;10.0&#039;, java.version: &#039;17.0.2&#039;
Driver info: org.openqa.selenium.chrome.ChromeDriver
Command: [f4dc8cd2e09dda291b98d736273de34d, clickElement {id=4455a6f8-f2eb-4dd4-a2f4-911c7ff48512}]
Capabilities {acceptInsecureCerts: false, browserName: chrome, browserVersion: 99.0.4844.82, chrome: {chromedriverVersion: 98.0.4758.48 (d869ab3eda606..., userDataDir: C:\Users\PCSMCPL\AppData\Lo...}, goog:chromeOptions: {debuggerAddress: localhost:53359}, javascriptEnabled: true, networkConnectionEnabled: false, pageLoadStrategy: normal, platform: WINDOWS, platformName: WINDOWS, proxy: Proxy(), se:cdp: ws://localhost:53359/devtoo..., se:cdpVersion: 99.0.4844.82, setWindowRect: true, strictFileInteractability: false, timeouts: {implicit: 0, pageLoad: 300000, script: 30000}, unhandledPromptBehavior: dismiss and notify, webauthn:extension:credBlob: true, webauthn:extension:largeBlob: true, webauthn:virtualAuthenticators: true}
Element: [[ChromeDriver: chrome on WINDOWS (f4dc8cd2e09dda291b98d736273de34d)] -&gt; name: b_acct_id]
Session ID: f4dc8cd2e09dda291b98d736273de34d" type="org.openqa.selenium.ElementClickInterceptedException">
      <![CDATA[org.openqa.selenium.ElementClickInterceptedException: element click intercepted: Element <ng-select _ngcontent-jed-c1="" bindlabel="acct_desc" bindvalue="b_acct_id" class="ng-select ng-select-single ng-select-searchable ng-select-clearable ng-untouched ng-pristine ng-valid" name="b_acct_id" role="listbox">...</ng-select> is not clickable at point (866, 125). Other element would receive the click: <div _ngcontent-jed-c3="" class="overlay ng-tns-c3-0 ng-trigger ng-trigger-fadeIn ng-star-inserted ng-animating" style="background-color: rgba(51, 51, 51, 0.8); z-index: 99999; position: fixed;">...</div>
  (Session info: chrome=99.0.4844.82)
Build info: version: '4.1.2', revision: '9a5a329c5a'
System info: host: 'DESKTOP-L4533E7', ip: '192.168.0.17', os.name: 'Windows 10', os.arch: 'amd64', os.version: '10.0', java.version: '17.0.2'
Driver info: org.openqa.selenium.chrome.ChromeDriver
Command: [f4dc8cd2e09dda291b98d736273de34d, clickElement {id=4455a6f8-f2eb-4dd4-a2f4-911c7ff48512}]
Capabilities {acceptInsecureCerts: false, browserName: chrome, browserVersion: 99.0.4844.82, chrome: {chromedriverVersion: 98.0.4758.48 (d869ab3eda606..., userDataDir: C:\Users\PCSMCPL\AppData\Lo...}, goog:chromeOptions: {debuggerAddress: localhost:53359}, javascriptEnabled: true, networkConnectionEnabled: false, pageLoadStrategy: normal, platform: WINDOWS, platformName: WINDOWS, proxy: Proxy(), se:cdp: ws://localhost:53359/devtoo..., se:cdpVersion: 99.0.4844.82, setWindowRect: true, strictFileInteractability: false, timeouts: {implicit: 0, pageLoad: 300000, script: 30000}, unhandledPromptBehavior: dismiss and notify, webauthn:extension:credBlob: true, webauthn:extension:largeBlob: true, webauthn:virtualAuthenticators: true}
Element: [[ChromeDriver: chrome on WINDOWS (f4dc8cd2e09dda291b98d736273de34d)] -> name: b_acct_id]
Session ID: f4dc8cd2e09dda291b98d736273de34d
at java.base/jdk.internal.reflect.NativeConstructorAccessorImpl.newInstance0(Native Method)
at java.base/jdk.internal.reflect.NativeConstructorAccessorImpl.newInstance(NativeConstructorAccessorImpl.java:77)
at java.base/jdk.internal.reflect.DelegatingConstructorAccessorImpl.newInstance(DelegatingConstructorAccessorImpl.java:45)
at java.base/java.lang.reflect.Constructor.newInstanceWithCaller(Constructor.java:499)
at java.base/java.lang.reflect.Constructor.newInstance(Constructor.java:480)
at org.openqa.selenium.remote.codec.w3c.W3CHttpResponseCodec.createException(W3CHttpResponseCodec.java:200)
at org.openqa.selenium.remote.codec.w3c.W3CHttpResponseCodec.decode(W3CHttpResponseCodec.java:133)
at org.openqa.selenium.remote.codec.w3c.W3CHttpResponseCodec.decode(W3CHttpResponseCodec.java:53)
at org.openqa.selenium.remote.HttpCommandExecutor.execute(HttpCommandExecutor.java:184)
at org.openqa.selenium.remote.service.DriverCommandExecutor.invokeExecute(DriverCommandExecutor.java:167)
at org.openqa.selenium.remote.service.DriverCommandExecutor.execute(DriverCommandExecutor.java:142)
at org.openqa.selenium.remote.RemoteWebDriver.execute(RemoteWebDriver.java:558)
at org.openqa.selenium.remote.RemoteWebElement.execute(RemoteWebElement.java:251)
at org.openqa.selenium.remote.RemoteWebElement.click(RemoteWebElement.java:77)
at EMB.vendorNeg2.login(vendorNeg2.java:44)
at java.base/jdk.internal.reflect.NativeMethodAccessorImpl.invoke0(Native Method)
at java.base/jdk.internal.reflect.NativeMethodAccessorImpl.invoke(NativeMethodAccessorImpl.java:77)
at java.base/jdk.internal.reflect.DelegatingMethodAccessorImpl.invoke(DelegatingMethodAccessorImpl.java:43)
at java.base/java.lang.reflect.Method.invoke(Method.java:568)
at org.testng.internal.MethodInvocationHelper.invokeMethod(MethodInvocationHelper.java:133)
at org.testng.internal.MethodInvocationHelper.invokeMethodConsideringTimeout(MethodInvocationHelper.java:62)
at org.testng.internal.ConfigInvoker.invokeConfigurationMethod(ConfigInvoker.java:385)
at org.testng.internal.ConfigInvoker.invokeConfigurations(ConfigInvoker.java:321)
at org.testng.internal.TestInvoker.runConfigMethods(TestInvoker.java:700)
at org.testng.internal.TestInvoker.invokeMethod(TestInvoker.java:527)
at org.testng.internal.TestInvoker.invokeTestMethod(TestInvoker.java:173)
at org.testng.internal.MethodRunner.runInSequence(MethodRunner.java:46)
at org.testng.internal.TestInvoker$MethodInvocationAgent.invoke(TestInvoker.java:824)
at org.testng.internal.TestInvoker.invokeTestMethods(TestInvoker.java:146)
at org.testng.internal.TestMethodWorker.invokeTestMethods(TestMethodWorker.java:146)
at org.testng.internal.TestMethodWorker.run(TestMethodWorker.java:128)
at java.base/java.util.ArrayList.forEach(ArrayList.java:1511)
at org.testng.TestRunner.privateRun(TestRunner.java:794)
at org.testng.TestRunner.run(TestRunner.java:596)
at org.testng.SuiteRunner.runTest(SuiteRunner.java:377)
at org.testng.SuiteRunner.runSequentially(SuiteRunner.java:371)
at org.testng.SuiteRunner.privateRun(SuiteRunner.java:332)
at org.testng.SuiteRunner.run(SuiteRunner.java:276)
at org.testng.SuiteRunnerWorker.runSuite(SuiteRunnerWorker.java:53)
at org.testng.SuiteRunnerWorker.run(SuiteRunnerWorker.java:96)
at org.testng.TestNG.runSuitesSequentially(TestNG.java:1212)
at org.testng.TestNG.runSuitesLocally(TestNG.java:1134)
at org.testng.TestNG.runSuites(TestNG.java:1063)
at org.testng.TestNG.run(TestNG.java:1031)
at org.testng.remote.AbstractRemoteTestNG.run(AbstractRemoteTestNG.java:115)
at org.testng.remote.RemoteTestNG.initAndRun(RemoteTestNG.java:251)
at org.testng.remote.RemoteTestNG.main(RemoteTestNG.java:77)
]]>
    </error>
  </testcase> <!-- login -->
  <system-out/>
  <testcase classname="EMB.vendorNeg2" name="emptyPartyName" time="0.000">
    <skipped/>
  </testcase> <!-- emptyPartyName -->
  <system-out/>
  <testcase classname="EMB.vendorNeg2" name="emptyEmail" time="0.000">
    <skipped/>
  </testcase> <!-- emptyEmail -->
  <system-out/>
  <testcase classname="EMB.vendorNeg2" name="invalidEmail" time="0.000">
    <skipped/>
  </testcase> <!-- invalidEmail -->
  <system-out/>
  <testcase classname="EMB.vendorNeg2" name="existedEmail" time="0.000">
    <skipped/>
  </testcase> <!-- existedEmail -->
  <system-out/>
  <testcase classname="EMB.vendorNeg2" name="emptyPhone" time="0.000">
    <skipped/>
  </testcase> <!-- emptyPhone -->
  <system-out/>
  <testcase classname="EMB.vendorNeg2" name="existedPhone" time="0.000">
    <skipped/>
  </testcase> <!-- existedPhone -->
  <system-out/>
  <testcase classname="EMB.vendorNeg2" name="emptyNick" time="0.000">
    <skipped/>
  </testcase> <!-- emptyNick -->
  <system-out/>
  <testcase classname="EMB.vendorNeg2" name="emptyDOB" time="0.000">
    <skipped/>
  </testcase> <!-- emptyDOB -->
  <system-out/>
  <testcase classname="EMB.vendorNeg2" name="lessDOB" time="0.000">
    <skipped/>
  </testcase> <!-- lessDOB -->
  <system-out/>
  <testcase classname="EMB.vendorNeg2" name="emptyPassword" time="0.000">
    <skipped/>
  </testcase> <!-- emptyPassword -->
  <system-out/>
</testsuite> <!-- EMB.vendorNeg2 -->
