<?xml version="1.0" encoding="UTF-8"?>
<!-- Generated by org.testng.reporters.JUnitReportReporter -->
<testsuite hostname="DESKTOP-L4533E7" failures="0" tests="16" name="selenium.SignUpTest" time="0.007" errors="1" timestamp="2022-02-05T01:50:31 PST" skipped="15">
  <testcase classname="selenium.SignUpTest" name="verifyElemntsOnPageTest" time="0.000">
    <skipped/>
  </testcase> <!-- verifyElemntsOnPageTest -->
  <system-out/>
  <testcase classname="selenium.SignUpTest" name="emptyPhoneTest" time="0.000">
    <skipped/>
  </testcase> <!-- emptyPhoneTest -->
  <system-out/>
  <testcase classname="selenium.SignUpTest" name="termsRedirectionTest" time="0.000">
    <skipped/>
  </testcase> <!-- termsRedirectionTest -->
  <system-out/>
  <testcase classname="selenium.SignUpTest" name="inValidPasswordTest" time="0.000">
    <skipped/>
  </testcase> <!-- inValidPasswordTest -->
  <system-out/>
  <testcase classname="selenium.SignUpTest" name="openBrowser" time="0.007">
    <error message="Cannot invoke &quot;org.openqa.selenium.remote.RemoteWebDriver.manage()&quot; because &quot;selenium.SignUpTest.driver&quot; is null" type="java.lang.NullPointerException">
      <![CDATA[java.lang.NullPointerException: Cannot invoke "org.openqa.selenium.remote.RemoteWebDriver.manage()" because "selenium.SignUpTest.driver" is null
at selenium.SignUpTest.openBrowser(SignUpTest.java:55)
at java.base/jdk.internal.reflect.NativeMethodAccessorImpl.invoke0(Native Method)
at java.base/jdk.internal.reflect.NativeMethodAccessorImpl.invoke(NativeMethodAccessorImpl.java:77)
at java.base/jdk.internal.reflect.DelegatingMethodAccessorImpl.invoke(DelegatingMethodAccessorImpl.java:43)
at java.base/java.lang.reflect.Method.invoke(Method.java:568)
at org.testng.internal.MethodInvocationHelper.invokeMethod(MethodInvocationHelper.java:133)
at org.testng.internal.MethodInvocationHelper.invokeMethodConsideringTimeout(MethodInvocationHelper.java:62)
at org.testng.internal.ConfigInvoker.invokeConfigurationMethod(ConfigInvoker.java:385)
at org.testng.internal.ConfigInvoker.invokeConfigurations(ConfigInvoker.java:321)
at org.testng.internal.TestInvoker.runConfigMethods(TestInvoker.java:700)
at org.testng.internal.TestInvoker.invokeMethod(TestInvoker.java:527)
at org.testng.internal.TestInvoker.invokeTestMethod(TestInvoker.java:173)
at org.testng.internal.MethodRunner.runInSequence(MethodRunner.java:46)
at org.testng.internal.TestInvoker$MethodInvocationAgent.invoke(TestInvoker.java:824)
at org.testng.internal.TestInvoker.invokeTestMethods(TestInvoker.java:146)
at org.testng.internal.TestMethodWorker.invokeTestMethods(TestMethodWorker.java:146)
at org.testng.internal.TestMethodWorker.run(TestMethodWorker.java:128)
at java.base/java.util.ArrayList.forEach(ArrayList.java:1511)
at org.testng.TestRunner.privateRun(TestRunner.java:794)
at org.testng.TestRunner.run(TestRunner.java:596)
at org.testng.SuiteRunner.runTest(SuiteRunner.java:377)
at org.testng.SuiteRunner.runSequentially(SuiteRunner.java:371)
at org.testng.SuiteRunner.privateRun(SuiteRunner.java:332)
at org.testng.SuiteRunner.run(SuiteRunner.java:276)
at org.testng.SuiteRunnerWorker.runSuite(SuiteRunnerWorker.java:53)
at org.testng.SuiteRunnerWorker.run(SuiteRunnerWorker.java:96)
at org.testng.TestNG.runSuitesSequentially(TestNG.java:1212)
at org.testng.TestNG.runSuitesLocally(TestNG.java:1134)
at org.testng.TestNG.runSuites(TestNG.java:1063)
at org.testng.TestNG.run(TestNG.java:1031)
at org.testng.remote.AbstractRemoteTestNG.run(AbstractRemoteTestNG.java:115)
at org.testng.remote.RemoteTestNG.initAndRun(RemoteTestNG.java:251)
at org.testng.remote.RemoteTestNG.main(RemoteTestNG.java:77)
]]>
    </error>
  </testcase> <!-- openBrowser -->
  <system-out/>
  <testcase classname="selenium.SignUpTest" name="landingPageRedirectionTest" time="0.000">
    <skipped/>
  </testcase> <!-- landingPageRedirectionTest -->
  <system-out/>
  <testcase classname="selenium.SignUpTest" name="uncheckedTerms" time="0.000">
    <skipped/>
  </testcase> <!-- uncheckedTerms -->
  <system-out/>
  <testcase classname="selenium.SignUpTest" name="inValidPhoneTest" time="0.000">
    <skipped/>
  </testcase> <!-- inValidPhoneTest -->
  <system-out/>
  <testcase classname="selenium.SignUpTest" name="loginRedirectionTest" time="0.000">
    <skipped/>
  </testcase> <!-- loginRedirectionTest -->
  <system-out/>
  <testcase classname="selenium.SignUpTest" name="emptyNameTest" time="0.000">
    <skipped/>
  </testcase> <!-- emptyNameTest -->
  <system-out/>
  <testcase classname="selenium.SignUpTest" name="emptyPasswordTest" time="0.000">
    <skipped/>
  </testcase> <!-- emptyPasswordTest -->
  <system-out/>
  <testcase classname="selenium.SignUpTest" name="privacyPolicyRedirectionTest" time="0.000">
    <skipped/>
  </testcase> <!-- privacyPolicyRedirectionTest -->
  <system-out/>
  <testcase classname="selenium.SignUpTest" name="validRegistrationTest" time="0.000">
    <skipped/>
  </testcase> <!-- validRegistrationTest -->
  <system-out/>
  <testcase classname="selenium.SignUpTest" name="invalidEmailTest" time="0.000">
    <skipped/>
  </testcase> <!-- invalidEmailTest -->
  <system-out/>
  <testcase classname="selenium.SignUpTest" name="emptyCompanyNameTest" time="0.000">
    <skipped/>
  </testcase> <!-- emptyCompanyNameTest -->
  <system-out/>
  <testcase classname="selenium.SignUpTest" name="emptyEmailTest" time="0.000">
    <skipped/>
  </testcase> <!-- emptyEmailTest -->
  <system-out/>
</testsuite> <!-- selenium.SignUpTest -->
